<?xml version="1.0" encoding="UTF-8"?>
<testsuite name="io.confluent.developer.FileWritingRecordsHandlerTest" tests="1" skipped="0" failures="0" errors="0" timestamp="2023-06-20T04:46:45" hostname="ubuntusvr" time="0.039">
  <properties/>
  <testcase name="testProcess" classname="io.confluent.developer.FileWritingRecordsHandlerTest" time="0.039"/>
  <system-out><![CDATA[]]></system-out>
  <system-err><![CDATA[]]></system-err>
</testsuite>
